c:\users\zcj\documents\github\c-learning\c语言学习\临时\debug\vc142.pdb
c:\users\zcj\documents\github\c-learning\c语言学习\临时\debug\vc142.idb
c:\users\zcj\documents\github\c-learning\c语言学习\临时\debug\源.obj
c:\users\zcj\documents\github\c-learning\c语言学习\临时\debug\临时.pdb
c:\users\zcj\documents\github\c-learning\c语言学习\临时\debug\临时.tlog\cl.command.1.tlog
c:\users\zcj\documents\github\c-learning\c语言学习\临时\debug\临时.tlog\cl.read.1.tlog
c:\users\zcj\documents\github\c-learning\c语言学习\临时\debug\临时.tlog\cl.write.1.tlog
c:\users\zcj\documents\github\c-learning\c语言学习\临时\debug\临时.tlog\link-cvtres.read.1.tlog
c:\users\zcj\documents\github\c-learning\c语言学习\临时\debug\临时.tlog\link-cvtres.write.1.tlog
c:\users\zcj\documents\github\c-learning\c语言学习\临时\debug\临时.tlog\link-rc.read.1.tlog
c:\users\zcj\documents\github\c-learning\c语言学习\临时\debug\临时.tlog\link-rc.write.1.tlog
c:\users\zcj\documents\github\c-learning\c语言学习\临时\debug\临时.tlog\link.5968-cvtres.read.1.tlog
c:\users\zcj\documents\github\c-learning\c语言学习\临时\debug\临时.tlog\link.5968-cvtres.write.1.tlog
c:\users\zcj\documents\github\c-learning\c语言学习\临时\debug\临时.tlog\link.5968-rc.read.1.tlog
c:\users\zcj\documents\github\c-learning\c语言学习\临时\debug\临时.tlog\link.5968-rc.write.1.tlog
c:\users\zcj\documents\github\c-learning\c语言学习\临时\debug\临时.tlog\link.5968.read.1.tlog
c:\users\zcj\documents\github\c-learning\c语言学习\临时\debug\临时.tlog\link.5968.write.1.tlog
c:\users\zcj\documents\github\c-learning\c语言学习\临时\debug\临时.tlog\link.command.1.tlog
c:\users\zcj\documents\github\c-learning\c语言学习\临时\debug\临时.tlog\link.read.1.tlog
c:\users\zcj\documents\github\c-learning\c语言学习\临时\debug\临时.tlog\link.write.1.tlog
